<?xml version="1.0" encoding="UTF-8"?>
<!-- Generated by org.testng.reporters.JUnitXMLReporter -->
<testsuite hostname="BDC6-DX-9X8P882" ignored="0" name="Default test" tests="4" failures="0" timestamp="19 Jun 2019 08:49:09 GMT" time="27.216" errors="0">
  <testcase name="testregistration" time="10.539" classname="testmeapp.tests.onlineshoppingtest"/>
  <testcase name="testlogin" time="0.464" classname="testmeapp.tests.onlineshoppingtest"/>
  <testcase name="testcart" time="10.903" classname="testmeapp.tests.onlineshoppingtest"/>
  <testcase name="testpayment" time="5.258" classname="testmeapp.tests.onlineshoppingtest"/>
</testsuite> <!-- Default test -->
